<?xml version="1.0" encoding="UTF-8"?>
<!-- Generated by org.testng.reporters.JUnitReportReporter -->
<testsuite hostname="LAPTOP-NR9BEDFE" failures="0" tests="1" name="api_rest_assured.Rest_API" time="1.838" errors="0" timestamp="2021-12-24T09:02:41 IST" skipped="0">
  <testcase classname="api_rest_assured.Rest_API" name="Test_Get" time="1.838"/>
  <system-out/>
</testsuite> <!-- api_rest_assured.Rest_API -->
