<?xml version="1.0" encoding="UTF-8"?>
<!-- Generated by org.testng.reporters.JUnitReportReporter -->
<testsuite hostname="LAPTOP-NR9BEDFE" failures="0" tests="1" name="api_rest_assured.Test_Get" time="2.280" errors="0" timestamp="2021-12-24T09:05:38 IST" skipped="0">
  <testcase classname="api_rest_assured.Test_Get" name="rest_get" time="2.280"/>
  <system-out/>
</testsuite> <!-- api_rest_assured.Test_Get -->
