<?xml version="1.0" encoding="UTF-8"?>
<!-- Generated by org.testng.reporters.JUnitReportReporter -->
<testsuite hostname="LAPTOP-NR9BEDFE" failures="0" tests="1" name="api_rest_assured.Test_Post" time="2.047" errors="0" timestamp="2021-12-24T09:12:10 IST" skipped="0">
  <testcase classname="api_rest_assured.Test_Post" name="test_Delete" time="2.047"/>
  <system-out/>
</testsuite> <!-- api_rest_assured.Test_Post -->
